Created by PLY version 3.11 (http://www.dabeaz.com/ply)

Unused terminals:

    NEWLINE

Grammar

Rule 0     S' -> statement
Rule 1     statement -> ASIGN
Rule 2     expression -> METHOD RPAREN
Rule 3     expression -> ARGUMENT
Rule 4     expression -> VARIABLE

Terminals, with rules where they appear

ARGUMENT             : 3
ASIGN                : 1
METHOD               : 2
NEWLINE              : 
RPAREN               : 2
VARIABLE             : 4
error                : 

Nonterminals, with rules where they appear

expression           : 
statement            : 0

Parsing method: LALR

state 0

    (0) S' -> . statement
    (1) statement -> . ASIGN

    ASIGN           shift and go to state 2

    statement                      shift and go to state 1

state 1

    (0) S' -> statement .



state 2

    (1) statement -> ASIGN .

    $end            reduce using rule 1 (statement -> ASIGN .)

